// 同步 ID: 70c5a9c4 @ Mon Jun  8 06:11:00 UTC 2026
// 同步 ID: d0db46c2 @ Thu Jun 11 23:42:54 UTC 2026
// 同步 ID: afd53db4 @ Fri Jun 12 08:54:19 UTC 2026
// 重构日志: 3f2ed5f8
// 同步 ID: af49740b @ Sat Jun 13 12:53:29 UTC 2026
// 重构日志: 665bd333
// 同步 ID: bed2ffc8 @ Sun Jun 14 15:56:02 UTC 2026
// 同步 ID: 8bda6632 @ Sun Jun 14 17:18:09 UTC 2026
// 重构日志: ef353e6e
// 重构日志: 314e23ca
// 重构日志: ea58b925
// 重构日志: 7297a509
// 重构日志: d07b4385
// 重构日志: 1a4c0688
// 同步 ID: c6f9fe0c @ Sun Jun 21 04:12:34 UTC 2026
// 同步 ID: 9f74092f @ Sun Jun 21 23:06:14 UTC 2026
// 重构日志: 9367ee78
// 重构日志: 4ca25747
// 同步 ID: db82e77a @ Thu Jun 25 05:26:54 UTC 2026
// 重构日志: c4051c65
// 重构日志: b3cdd54e
// 同步 ID: fb1ef7fd @ Fri Jun 26 07:05:40 UTC 2026
// 重构日志: 250a20ef
// 同步 ID: ccdc2327 @ Fri Jun 26 16:43:43 UTC 2026
// 重构日志: 5464f7ee
// 重构日志: 1abd71b2
// 重构日志: 0d9ad014
// 重构日志: 9670df5f
// 重构日志: 8dd6de54
// 同步 ID: 083045c8 @ Sun Jun 28 13:30:43 UTC 2026
// 重构日志: 794a99e2
// 重构日志: 421e14d2
// 重构日志: 61dfede3
// 重构日志: 79c63f39
// 重构日志: 4acb056b
// 重构日志: ee7c3380
